Using pre-set license
Built from '2021.3/staging' branch; Version is '2021.3.22f1 (b6c551784ba3) revision 11978065'; Using compiler version '192829333'; Build Type 'Release'
OS: 'Windows 10  (10.0.19044) 64bit Professional' Language: 'ru' Physical Memory: 32687 MB
BatchMode: 1, IsHumanControllingUs: 0, StartBugReporterOnCrash: 0, Is64bit: 1, IsPro: 1

COMMAND LINE ARGUMENTS:
D:\Unity01\2021.3.22f1\Editor\Unity.exe
-adb2
-batchMode
-noUpm
-name
AssetImportWorker0
-projectPath
D:/Test task/Test-task
-logFile
Logs/AssetImportWorker0.log
-srvPort
61711
Successfully changed project path to: D:/Test task/Test-task
D:/Test task/Test-task
[UnityMemory] Configuration Parameters - Can be set up in boot.config
    "memorysetup-bucket-allocator-granularity=16"
    "memorysetup-bucket-allocator-bucket-count=8"
    "memorysetup-bucket-allocator-block-size=33554432"
    "memorysetup-bucket-allocator-block-count=8"
    "memorysetup-main-allocator-block-size=16777216"
    "memorysetup-thread-allocator-block-size=16777216"
    "memorysetup-gfx-main-allocator-block-size=16777216"
    "memorysetup-gfx-thread-allocator-block-size=16777216"
    "memorysetup-cache-allocator-block-size=4194304"
    "memorysetup-typetree-allocator-block-size=2097152"
    "memorysetup-profiler-bucket-allocator-granularity=16"
    "memorysetup-profiler-bucket-allocator-bucket-count=8"
    "memorysetup-profiler-bucket-allocator-block-size=33554432"
    "memorysetup-profiler-bucket-allocator-block-count=8"
    "memorysetup-profiler-allocator-block-size=16777216"
    "memorysetup-profiler-editor-allocator-block-size=1048576"
    "memorysetup-temp-allocator-size-main=16777216"
    "memorysetup-job-temp-allocator-block-size=2097152"
    "memorysetup-job-temp-allocator-block-size-background=1048576"
    "memorysetup-job-temp-allocator-reduction-small-platforms=262144"
    "memorysetup-temp-allocator-size-background-worker=32768"
    "memorysetup-temp-allocator-size-job-worker=262144"
    "memorysetup-temp-allocator-size-preload-manager=33554432"
    "memorysetup-temp-allocator-size-nav-mesh-worker=65536"
    "memorysetup-temp-allocator-size-audio-worker=65536"
    "memorysetup-temp-allocator-size-cloud-worker=32768"
    "memorysetup-temp-allocator-size-gi-baking-worker=262144"
    "memorysetup-temp-allocator-size-gfx=262144"
Player connection [8004] Host "[IP] 192.168.100.2 [Port] 0 [Flags] 2 [Guid] 3999193715 [EditorId] 3999193715 [Version] 1048832 [Id] WindowsEditor(7,DESKTOP-RPR7HM5) [Debug] 1 [PackageName] WindowsEditor [ProjectName] Editor" joined multi-casting on [225.0.0.222:54997]...

Player connection [8004] Host "[IP] 192.168.100.2 [Port] 0 [Flags] 2 [Guid] 3999193715 [EditorId] 3999193715 [Version] 1048832 [Id] WindowsEditor(7,DESKTOP-RPR7HM5) [Debug] 1 [PackageName] WindowsEditor [ProjectName] Editor" joined alternative multi-casting on [225.0.0.222:34997]...

Refreshing native plugins compatible for Editor in 118.65 ms, found 3 plugins.
Preloading 0 native plugins for Editor in 0.00 ms.
Initialize engine version: 2021.3.22f1 (b6c551784ba3)
[Subsystems] Discovering subsystems at path D:/Unity01/2021.3.22f1/Editor/Data/Resources/UnitySubsystems
[Subsystems] Discovering subsystems at path D:/Test task/Test-task/Assets
GfxDevice: creating device client; threaded=0; jobified=0
Direct3D:
    Version:  Direct3D 11.0 [level 11.1]
    Renderer: NVIDIA GeForce GTX 1060 6GB (ID=0x1c03)
    Vendor:   NVIDIA
    VRAM:     6043 MB
    Driver:   31.0.15.3623
Initialize mono
Mono path[0] = 'D:/Unity01/2021.3.22f1/Editor/Data/Managed'
Mono path[1] = 'D:/Unity01/2021.3.22f1/Editor/Data/MonoBleedingEdge/lib/mono/unityjit-win32'
Mono config path = 'D:/Unity01/2021.3.22f1/Editor/Data/MonoBleedingEdge/etc'
Using monoOptions --debugger-agent=transport=dt_socket,embedding=1,server=y,suspend=n,address=127.0.0.1:56208
Begin MonoManager ReloadAssembly
Registering precompiled unity dll's ...
Register platform support module: D:/Unity01/2021.3.22f1/Editor/Data/PlaybackEngines/WindowsStandaloneSupport/UnityEditor.WindowsStandalone.Extensions.dll
Registered in 0.002437 seconds.
Native extension for WindowsStandalone target not found
Refreshing native plugins compatible for Editor in 110.46 ms, found 3 plugins.
Preloading 0 native plugins for Editor in 0.00 ms.
Mono: successfully reloaded assembly
- Completed reload, in  0.575 seconds
Domain Reload Profiling:
	ReloadAssembly (575ms)
		BeginReloadAssembly (73ms)
			ExecutionOrderSort (0ms)
			DisableScriptedObjects (0ms)
			BackupInstance (0ms)
			ReleaseScriptingObjects (0ms)
			CreateAndSetChildDomain (1ms)
		EndReloadAssembly (422ms)
			LoadAssemblies (72ms)
			RebuildTransferFunctionScriptingTraits (0ms)
			SetupTypeCache (92ms)
			ReleaseScriptCaches (0ms)
			RebuildScriptCaches (25ms)
			SetupLoadedEditorAssemblies (264ms)
				LogAssemblyErrors (0ms)
				InitializePlatformSupportModulesInManaged (5ms)
				SetLoadedEditorAssemblies (0ms)
				RefreshPlugins (111ms)
				BeforeProcessingInitializeOnLoad (1ms)
				ProcessInitializeOnLoadAttributes (106ms)
				ProcessInitializeOnLoadMethodAttributes (40ms)
				AfterProcessingInitializeOnLoad (0ms)
				EditorAssembliesLoaded (0ms)
			ExecutionOrderSort2 (0ms)
			AwakeInstancesAfterBackupRestoration (0ms)
Platform modules already initialized, skipping
Registering precompiled user dll's ...
Registered in 0.005055 seconds.
Begin MonoManager ReloadAssembly
Symbol file LoadedFromMemory doesn't match image D:\Test task\Test-task\Library\PackageCache\com.unity.visualscripting@1.8.0\Editor\VisualScripting.Core\Dependencies\YamlDotNet\Unity.VisualScripting.YamlDotNet.dll
Symbol file LoadedFromMemory doesn't match image D:\Test task\Test-task\Library\PackageCache\com.unity.visualscripting@1.8.0\Editor\VisualScripting.Core\Dependencies\DotNetZip\Unity.VisualScripting.IonicZip.dll
Native extension for WindowsStandalone target not found
Refreshing native plugins compatible for Editor in 113.27 ms, found 3 plugins.
Preloading 0 native plugins for Editor in 0.00 ms.
Mono: successfully reloaded assembly
- Completed reload, in  1.155 seconds
Domain Reload Profiling:
	ReloadAssembly (1156ms)
		BeginReloadAssembly (105ms)
			ExecutionOrderSort (0ms)
			DisableScriptedObjects (6ms)
			BackupInstance (0ms)
			ReleaseScriptingObjects (0ms)
			CreateAndSetChildDomain (19ms)
		EndReloadAssembly (961ms)
			LoadAssemblies (83ms)
			RebuildTransferFunctionScriptingTraits (0ms)
			SetupTypeCache (278ms)
			ReleaseScriptCaches (1ms)
			RebuildScriptCaches (51ms)
			SetupLoadedEditorAssemblies (520ms)
				LogAssemblyErrors (0ms)
				InitializePlatformSupportModulesInManaged (3ms)
				SetLoadedEditorAssemblies (0ms)
				RefreshPlugins (113ms)
				BeforeProcessingInitializeOnLoad (108ms)
				ProcessInitializeOnLoadAttributes (223ms)
				ProcessInitializeOnLoadMethodAttributes (70ms)
				AfterProcessingInitializeOnLoad (3ms)
				EditorAssembliesLoaded (0ms)
			ExecutionOrderSort2 (0ms)
			AwakeInstancesAfterBackupRestoration (6ms)
Platform modules already initialized, skipping
========================================================================
Worker process is ready to serve import requests
Launched and connected shader compiler UnityShaderCompiler.exe after 0.04 seconds
Refreshing native plugins compatible for Editor in 0.85 ms, found 3 plugins.
Preloading 0 native plugins for Editor in 0.00 ms.
Unloading 4985 Unused Serialized files (Serialized files now loaded: 0)
Unloading 50 unused Assets / (7.2 MB). Loaded Objects now: 5431.
Memory consumption went from 238.1 MB to 230.9 MB.
Total: 6.832900 ms (FindLiveObjects: 0.432000 ms CreateObjectMapping: 0.406300 ms MarkObjects: 4.074100 ms  DeleteObjects: 1.919600 ms)

AssetImportParameters requested are different than current active one (requested -> active):
  custom:video-decoder-ogg-theora: a1e56fd34408186e4bbccfd4996cb3dc -> 
  custom:container-muxer-webm: aa71ff27fc2769a1b78a27578f13a17b -> 
  custom:container-demuxer-webm: 4f35f7cbe854078d1ac9338744f61a02 -> 
  custom:video-encoder-webm-vp8: eb34c28f22e8b96e1ab97ce403110664 -> 
  custom:audio-encoder-webm-vorbis: bf7c407c2cedff20999df2af8eb42d56 -> 
  custom:framework-win-MediaFoundation: 216162199b28c13a410421893ffa2e32 -> 
  custom:container-demuxer-ogg: 62fdf1f143b41e24485cea50d1cbac27 -> 
  custom:video-decoder-webm-vp8: 9c59270c3fd7afecdb556c50c9e8de78 -> 
  custom:audio-decoder-ogg-vorbis: bf7c407c2cedff20999df2af8eb42d56 -> 
========================================================================
Received Import Request.
  Time since last request: 536039.208729 seconds.
  path: Assets/Test task/Models/Prefab/Prop_Arms.prefab
  artifactKey: Guid(75ae2a59e3827834496af4a9e17c5a46) Importer(815301076,1909f56bfc062723c751e8b465ee728b)
Start importing Assets/Test task/Models/Prefab/Prop_Arms.prefab using Guid(75ae2a59e3827834496af4a9e17c5a46) Importer(815301076,1909f56bfc062723c751e8b465ee728b)  -> (artifact id: '3ef7aa8c6eb9beced712d02b4655a041') in 0.268418 seconds 
========================================================================
Received Import Request.
  Time since last request: 3.856973 seconds.
  path: Assets/Test task/Models/Prefab/Prop_Hose_01 Variant.prefab
  artifactKey: Guid(4bab67a0a4ea2ee40a9bf92a5676105b) Importer(815301076,1909f56bfc062723c751e8b465ee728b)
Start importing Assets/Test task/Models/Prefab/Prop_Hose_01 Variant.prefab using Guid(4bab67a0a4ea2ee40a9bf92a5676105b) Importer(815301076,1909f56bfc062723c751e8b465ee728b)  -> (artifact id: '757e8e3a1f9e358bdb24f9f49a5a5fc5') in 0.014355 seconds 
========================================================================
Received Import Request.
  Time since last request: 3.999156 seconds.
  path: Assets/Test task/Models/Prefab/Hud_Barrier_01 Variant.prefab
  artifactKey: Guid(625969086462607429fd05c56c4489ef) Importer(815301076,1909f56bfc062723c751e8b465ee728b)
Start importing Assets/Test task/Models/Prefab/Hud_Barrier_01 Variant.prefab using Guid(625969086462607429fd05c56c4489ef) Importer(815301076,1909f56bfc062723c751e8b465ee728b)  -> (artifact id: '0eb9567072cc6a015bc7c858dd73871e') in 0.011016 seconds 
========================================================================
Received Import Request.
  Time since last request: 3.814258 seconds.
  path: Assets/Test task/Models/Prefab/Hud_Reticle_02 Variant.prefab
  artifactKey: Guid(7e1cc6459da4ee944b278351e75938bb) Importer(815301076,1909f56bfc062723c751e8b465ee728b)
Start importing Assets/Test task/Models/Prefab/Hud_Reticle_02 Variant.prefab using Guid(7e1cc6459da4ee944b278351e75938bb) Importer(815301076,1909f56bfc062723c751e8b465ee728b)  -> (artifact id: 'd6c96203341da108defbb3a01aa39791') in 0.019485 seconds 
========================================================================
Received Import Request.
  Time since last request: 43.010746 seconds.
  path: Assets/Test task/Models/Prefab/Screen Variant.prefab
  artifactKey: Guid(812fe8ee49e41bf4087ae032a9808454) Importer(815301076,1909f56bfc062723c751e8b465ee728b)
Start importing Assets/Test task/Models/Prefab/Screen Variant.prefab using Guid(812fe8ee49e41bf4087ae032a9808454) Importer(815301076,1909f56bfc062723c751e8b465ee728b)  -> (artifact id: '862b4c92192ef425f2bab96d55c893e2') in 0.040466 seconds 
========================================================================
Received Import Request.
  Time since last request: 9.535558 seconds.
  path: Assets/Test task/Models/Prefab/Screen (1) Variant.prefab
  artifactKey: Guid(98424b1e83b5d36419bfb2c71f425aec) Importer(815301076,1909f56bfc062723c751e8b465ee728b)
Start importing Assets/Test task/Models/Prefab/Screen (1) Variant.prefab using Guid(98424b1e83b5d36419bfb2c71f425aec) Importer(815301076,1909f56bfc062723c751e8b465ee728b)  -> (artifact id: 'c5531ffff93887930f74574713072242') in 0.010822 seconds 
========================================================================
Received Import Request.
  Time since last request: 11.579829 seconds.
  path: Assets/Test task/Models/Prefab/Prop_Tube Variant.prefab
  artifactKey: Guid(a4bd5ed393d405549abd5b7fba17e663) Importer(815301076,1909f56bfc062723c751e8b465ee728b)
Start importing Assets/Test task/Models/Prefab/Prop_Tube Variant.prefab using Guid(a4bd5ed393d405549abd5b7fba17e663) Importer(815301076,1909f56bfc062723c751e8b465ee728b)  -> (artifact id: '2388b8fe8a569393020f4bdf11c0d572') in 0.010957 seconds 
========================================================================
Received Import Request.
  Time since last request: 5.435846 seconds.
  path: Assets/Test task/Models/Prefab/Prop_Cart Variant.prefab
  artifactKey: Guid(7da446f82ca8c124c93cf4739f7fd242) Importer(815301076,1909f56bfc062723c751e8b465ee728b)
Start importing Assets/Test task/Models/Prefab/Prop_Cart Variant.prefab using Guid(7da446f82ca8c124c93cf4739f7fd242) Importer(815301076,1909f56bfc062723c751e8b465ee728b)  -> (artifact id: 'aac3b4099ded0fba5a5e4d33af32ea94') in 0.032007 seconds 
========================================================================
Received Import Request.
  Time since last request: 8.933234 seconds.
  path: Assets/Test task/Models/Prefab/Hanger Variant.prefab
  artifactKey: Guid(d3635bd46713c144ca15ce7ed5e65a24) Importer(815301076,1909f56bfc062723c751e8b465ee728b)
Start importing Assets/Test task/Models/Prefab/Hanger Variant.prefab using Guid(d3635bd46713c144ca15ce7ed5e65a24) Importer(815301076,1909f56bfc062723c751e8b465ee728b)  -> (artifact id: 'dbc962e606bb025e0824b605c6bfa445') in 0.015717 seconds 
========================================================================
Received Import Request.
  Time since last request: 3.734958 seconds.
  path: Assets/Test task/Models/Prefab/Prop_Tank_01 Variant.prefab
  artifactKey: Guid(eff82c6f056833e40ac0b08634fb2382) Importer(815301076,1909f56bfc062723c751e8b465ee728b)
Start importing Assets/Test task/Models/Prefab/Prop_Tank_01 Variant.prefab using Guid(eff82c6f056833e40ac0b08634fb2382) Importer(815301076,1909f56bfc062723c751e8b465ee728b)  -> (artifact id: '544facdccb4867061f39e974a1a6a4c8') in 0.010448 seconds 
========================================================================
Received Import Request.
  Time since last request: 7.067847 seconds.
  path: Assets/Test task/Models/Prefab/HangerPlatform Variant.prefab
  artifactKey: Guid(ec3c6a5394cbcf64b9e97dcdcaa30dfc) Importer(815301076,1909f56bfc062723c751e8b465ee728b)
Start importing Assets/Test task/Models/Prefab/HangerPlatform Variant.prefab using Guid(ec3c6a5394cbcf64b9e97dcdcaa30dfc) Importer(815301076,1909f56bfc062723c751e8b465ee728b)  -> (artifact id: '298480d53b2b335e7597f65e168a9712') in 0.023751 seconds 
========================================================================
Received Import Request.
  Time since last request: 5.631386 seconds.
  path: Assets/Test task/Models/Prefab/Bridge_Platform Variant.prefab
  artifactKey: Guid(ef000b424a570a2439d2bc0de05a5c4d) Importer(815301076,1909f56bfc062723c751e8b465ee728b)
Start importing Assets/Test task/Models/Prefab/Bridge_Platform Variant.prefab using Guid(ef000b424a570a2439d2bc0de05a5c4d) Importer(815301076,1909f56bfc062723c751e8b465ee728b)  -> (artifact id: '549653da66a8b85c27923f9440104898') in 0.032133 seconds 
========================================================================
Received Import Request.
  Time since last request: 3.856343 seconds.
  path: Assets/Test task/Models/Prefab/Landing_Platform Variant.prefab
  artifactKey: Guid(f77f310b0a8eaba49a18a2719643dfa3) Importer(815301076,1909f56bfc062723c751e8b465ee728b)
Start importing Assets/Test task/Models/Prefab/Landing_Platform Variant.prefab using Guid(f77f310b0a8eaba49a18a2719643dfa3) Importer(815301076,1909f56bfc062723c751e8b465ee728b)  -> (artifact id: '07b9d2d616d63da1ef0023a0e19901d6') in 0.010609 seconds 
========================================================================
Received Prepare
Registering precompiled user dll's ...
Registered in 0.004686 seconds.
Begin MonoManager ReloadAssembly
Symbol file LoadedFromMemory doesn't match image D:\Test task\Test-task\Library\PackageCache\com.unity.visualscripting@1.8.0\Editor\VisualScripting.Core\Dependencies\YamlDotNet\Unity.VisualScripting.YamlDotNet.dll
Symbol file LoadedFromMemory doesn't match image D:\Test task\Test-task\Library\PackageCache\com.unity.visualscripting@1.8.0\Editor\VisualScripting.Core\Dependencies\DotNetZip\Unity.VisualScripting.IonicZip.dll
Native extension for WindowsStandalone target not found
Refreshing native plugins compatible for Editor in 0.83 ms, found 3 plugins.
Preloading 0 native plugins for Editor in 0.00 ms.
Mono: successfully reloaded assembly
- Completed reload, in  1.111 seconds
Domain Reload Profiling:
	ReloadAssembly (1111ms)
		BeginReloadAssembly (133ms)
			ExecutionOrderSort (0ms)
			DisableScriptedObjects (7ms)
			BackupInstance (0ms)
			ReleaseScriptingObjects (0ms)
			CreateAndSetChildDomain (37ms)
		EndReloadAssembly (900ms)
			LoadAssemblies (87ms)
			RebuildTransferFunctionScriptingTraits (0ms)
			SetupTypeCache (291ms)
			ReleaseScriptCaches (2ms)
			RebuildScriptCaches (51ms)
			SetupLoadedEditorAssemblies (399ms)
				LogAssemblyErrors (0ms)
				InitializePlatformSupportModulesInManaged (4ms)
				SetLoadedEditorAssemblies (0ms)
				RefreshPlugins (1ms)
				BeforeProcessingInitializeOnLoad (84ms)
				ProcessInitializeOnLoadAttributes (221ms)
				ProcessInitializeOnLoadMethodAttributes (85ms)
				AfterProcessingInitializeOnLoad (3ms)
				EditorAssembliesLoaded (0ms)
			ExecutionOrderSort2 (0ms)
			AwakeInstancesAfterBackupRestoration (16ms)
Platform modules already initialized, skipping
Refreshing native plugins compatible for Editor in 1.88 ms, found 3 plugins.
Preloading 0 native plugins for Editor in 0.00 ms.
Unloading 4799 Unused Serialized files (Serialized files now loaded: 0)
Unloading 44 unused Assets / (7.2 MB). Loaded Objects now: 5488.
Memory consumption went from 242.2 MB to 235.0 MB.
Total: 5.175500 ms (FindLiveObjects: 0.623900 ms CreateObjectMapping: 0.417200 ms MarkObjects: 2.333100 ms  DeleteObjects: 1.800400 ms)

AssetImportParameters requested are different than current active one (requested -> active):
  custom:video-decoder-ogg-theora: a1e56fd34408186e4bbccfd4996cb3dc -> 
  custom:container-muxer-webm: aa71ff27fc2769a1b78a27578f13a17b -> 
  custom:container-demuxer-webm: 4f35f7cbe854078d1ac9338744f61a02 -> 
  custom:video-encoder-webm-vp8: eb34c28f22e8b96e1ab97ce403110664 -> 
  custom:audio-encoder-webm-vorbis: bf7c407c2cedff20999df2af8eb42d56 -> 
  custom:framework-win-MediaFoundation: 216162199b28c13a410421893ffa2e32 -> 
  custom:container-demuxer-ogg: 62fdf1f143b41e24485cea50d1cbac27 -> 
  custom:video-decoder-webm-vp8: 9c59270c3fd7afecdb556c50c9e8de78 -> 
  custom:audio-decoder-ogg-vorbis: bf7c407c2cedff20999df2af8eb42d56 -> 
